Arguments: 
  /usr/local/bin/node /usr/local/Cellar/yarn/1.3.2/libexec/bin/yarn.js -help

PATH: 
  /usr/local/bin:/usr/bin:/bin:/usr/sbin:/sbin

Yarn version: 
  1.3.2

Node version: 
  8.9.4

Platform: 
  darwin x64

npm manifest: 
  {
    "name": "atom-mac",
    "version": "1.0.0",
    "description": "nodejs",
    "main": "aa.js",
    "scripts": {
      "test": "echo \"Error: no test specified\" && exit 1"
    },
    "author": "",
    "license": "ISC",
    "dependencies": {
      "body-parser": "^1.18.2",
      "cookie-parser": "^1.4.3",
      "express": "^4.16.2",
      "express-mysql-session": "^1.2.3",
      "express-session": "^1.15.6",
      "jade": "^1.11.0",
      "md5": "^2.2.1",
      "multer": "^1.3.0",
      "mysql": "^2.15.0",
      "passport": "^0.4.0",
      "passport-facebook": "^2.1.1",
      "passport-local": "^1.0.0",
      "pbkdf2-password": "^1.2.1",
      "session-file-store": "^1.2.0",
      "sha256": "^0.2.0",
      "underscore": "^1.8.3"
    }
  }

yarn manifest: 
  No manifest

Lockfile: 
  No lockfile

Trace: 
  Error: EACCES: permission denied, mkdir '/Users/hckcksrl/Desktop/atom-mac/node_modules/http-errors/node_modules/statuses'
